<?xml version="1.0" encoding="UTF-8"?>
<testng-results ignored="0" total="2" passed="2" failed="0" skipped="0">
  <reporter-output>
  </reporter-output>
  <suite started-at="2021-05-17T21:15:33 EDT" name="Default suite" finished-at="2021-05-17T21:15:41 EDT" duration-ms="7808">
    <groups>
    </groups>
    <test started-at="2021-05-17T21:15:33 EDT" name="Default test" finished-at="2021-05-17T21:15:41 EDT" duration-ms="7808">
      <class name="test.practice">
        <test-method signature="setDriver()[pri:0, instance:test.practice@2898ac89]" started-at="2021-05-17T21:15:33 EDT" name="setDriver" finished-at="2021-05-17T21:15:35 EDT" duration-ms="1824" status="PASS">
          <reporter-output>
          </reporter-output>
        </test-method> <!-- setDriver -->
        <test-method signature="openBrowser()[pri:0, instance:test.practice@2898ac89]" started-at="2021-05-17T21:15:35 EDT" name="openBrowser" finished-at="2021-05-17T21:15:41 EDT" depends-on-methods="test.practice.setDriver" duration-ms="5942" status="PASS">
          <reporter-output>
          </reporter-output>
        </test-method> <!-- openBrowser -->
      </class> <!-- test.practice -->
    </test> <!-- Default test -->
  </suite> <!-- Default suite -->
</testng-results>
